<?xml version="1.0" encoding="UTF-8"?>
<testsuite xmlns:xsi="http://www.w3.org/2001/XMLSchema-instance" xsi:noNamespaceSchemaLocation="https://maven.apache.org/surefire/maven-surefire-plugin/xsd/surefire-test-report.xsd" name="com.sensor.dao.AdminDaoTest" time="0.258" tests="4" errors="0" skipped="0" failures="0">
  <properties>
[...]
</properties>
  <testcase name="testgetMatchCount" classname="com.sensor.dao.AdminDaoTest" time="0.086"/>
  <testcase name="testgetPasswd" classname="com.sensor.dao.AdminDaoTest" time="0.036"/>
  <testcase name="testrePassword" classname="com.sensor.dao.AdminDaoTest" time="0.057"/>
  <testcase name="testgetAllSensors" classname="com.sensor.dao.AdminDaoTest" time="0.038"/>
</testsuite>